{"level":"info","time":"2024-03-14T08:51:16+05:00","caller":"dependencies.go:38","message":"-------------------------------------------"}
{"level":"info","time":"2024-03-14T08:51:16+05:00","caller":"dependencies.go:46","message":"Database connection successfully"}
{"level":"info","time":"2024-03-14T08:51:16+05:00","caller":"main.go:19","message":"Project run successfully"}
{"level":"info","time":"2024-03-14T08:57:35+05:00","caller":"dependencies.go:38","message":"-------------------------------------------"}
{"level":"info","time":"2024-03-14T08:57:35+05:00","caller":"dependencies.go:46","message":"Database connection successfully"}
{"level":"info","time":"2024-03-14T08:57:35+05:00","caller":"main.go:19","message":"Project run successfully"}
{"level":"info","time":"2024-03-14T09:08:20+05:00","caller":"dependencies.go:38","message":"-------------------------------------------"}
{"level":"info","time":"2024-03-14T09:08:20+05:00","caller":"dependencies.go:46","message":"Database connection successfully"}
{"level":"info","time":"2024-03-14T09:08:20+05:00","caller":"main.go:19","message":"Project run successfully"}
{"level":"info","time":"2024-03-14T09:09:36+05:00","caller":"dependencies.go:38","message":"-------------------------------------------"}
{"level":"info","time":"2024-03-14T09:09:36+05:00","caller":"dependencies.go:46","message":"Database connection successfully"}
{"level":"info","time":"2024-03-14T09:09:36+05:00","caller":"main.go:19","message":"Project run successfully"}
{"level":"info","time":"2024-03-14T09:11:00+05:00","caller":"dependencies.go:38","message":"-------------------------------------------"}
{"level":"info","time":"2024-03-14T09:11:00+05:00","caller":"dependencies.go:46","message":"Database connection successfully"}
{"level":"info","time":"2024-03-14T09:11:00+05:00","caller":"main.go:19","message":"Project run successfully"}
{"level":"info","time":"2024-03-14T09:11:27+05:00","caller":"dependencies.go:38","message":"-------------------------------------------"}
{"level":"info","time":"2024-03-14T09:11:27+05:00","caller":"dependencies.go:46","message":"Database connection successfully"}
{"level":"info","time":"2024-03-14T09:11:27+05:00","caller":"main.go:19","message":"Project run successfully"}
{"level":"info","time":"2024-03-14T09:11:43+05:00","caller":"dependencies.go:38","message":"-------------------------------------------"}
{"level":"info","time":"2024-03-14T09:11:43+05:00","caller":"dependencies.go:46","message":"Database connection successfully"}
{"level":"info","time":"2024-03-14T09:11:43+05:00","caller":"main.go:19","message":"Project run successfully"}
{"level":"info","time":"2024-03-14T09:12:09+05:00","caller":"dependencies.go:38","message":"-------------------------------------------"}
{"level":"info","time":"2024-03-14T09:12:09+05:00","caller":"dependencies.go:46","message":"Database connection successfully"}
{"level":"info","time":"2024-03-14T09:12:09+05:00","caller":"main.go:19","message":"Project run successfully"}
{"level":"info","time":"2024-03-14T09:12:39+05:00","caller":"dependencies.go:38","message":"-------------------------------------------"}
{"level":"info","time":"2024-03-14T09:12:39+05:00","caller":"dependencies.go:46","message":"Database connection successfully"}
{"level":"info","time":"2024-03-14T09:12:39+05:00","caller":"main.go:19","message":"Project run successfully"}
{"level":"info","time":"2024-03-14T09:12:50+05:00","caller":"dependencies.go:38","message":"-------------------------------------------"}
{"level":"info","time":"2024-03-14T09:12:50+05:00","caller":"dependencies.go:46","message":"Database connection successfully"}
{"level":"info","time":"2024-03-14T09:12:50+05:00","caller":"main.go:19","message":"Project run successfully"}
{"level":"info","time":"2024-03-14T09:13:02+05:00","caller":"dependencies.go:38","message":"-------------------------------------------"}
{"level":"info","time":"2024-03-14T09:13:02+05:00","caller":"dependencies.go:46","message":"Database connection successfully"}
{"level":"info","time":"2024-03-14T09:13:02+05:00","caller":"main.go:19","message":"Project run successfully"}
{"level":"info","time":"2024-03-14T09:18:03+05:00","caller":"dependencies.go:38","message":"-------------------------------------------"}
{"level":"info","time":"2024-03-14T09:18:03+05:00","caller":"dependencies.go:46","message":"Database connection successfully"}
{"level":"info","time":"2024-03-14T09:18:03+05:00","caller":"main.go:19","message":"Project run successfully"}
{"level":"info","time":"2024-03-14T09:20:50+05:00","caller":"dependencies.go:38","message":"-------------------------------------------"}
{"level":"info","time":"2024-03-14T09:20:50+05:00","caller":"dependencies.go:46","message":"Database connection successfully"}
{"level":"info","time":"2024-03-14T09:20:50+05:00","caller":"main.go:19","message":"Project run successfully"}
{"level":"info","time":"2024-03-14T09:53:34+05:00","caller":"dependencies.go:39","message":"-------------------------------------------"}
{"level":"info","time":"2024-03-14T09:53:34+05:00","caller":"dependencies.go:47","message":"Database connection successfully"}
{"level":"info","time":"2024-03-14T09:53:34+05:00","caller":"dependencies.go:50","message":"seeder starting..."}
{"level":"info","time":"2024-03-14T09:53:34+05:00","caller":"main.go:19","message":"Project run successfully"}
{"level":"info","time":"2024-03-14T09:57:02+05:00","caller":"dependencies.go:39","message":"-------------------------------------------"}
{"level":"info","time":"2024-03-14T09:57:02+05:00","caller":"dependencies.go:47","message":"Database connection successfully"}
{"level":"info","time":"2024-03-14T09:57:02+05:00","caller":"dependencies.go:50","message":"seeder starting..."}
{"level":"info","time":"2024-03-14T09:57:03+05:00","caller":"main.go:19","message":"Project run successfully"}
{"level":"info","time":"2024-03-14T09:57:51+05:00","caller":"dependencies.go:39","message":"-------------------------------------------"}
{"level":"info","time":"2024-03-14T09:57:51+05:00","caller":"dependencies.go:47","message":"Database connection successfully"}
{"level":"info","time":"2024-03-14T09:57:51+05:00","caller":"dependencies.go:50","message":"seeder starting..."}
{"level":"info","time":"2024-03-14T09:57:51+05:00","caller":"main.go:19","message":"Project run successfully"}
{"level":"info","time":"2024-03-14T10:03:13+05:00","caller":"dependencies.go:39","message":"-------------------------------------------"}
{"level":"info","time":"2024-03-14T10:03:13+05:00","caller":"dependencies.go:47","message":"Database connection successfully"}
{"level":"info","time":"2024-03-14T10:03:13+05:00","caller":"dependencies.go:50","message":"seeder starting..."}
{"level":"info","time":"2024-03-14T10:03:13+05:00","caller":"main.go:19","message":"Project run successfully"}
{"level":"info","time":"2024-03-14T10:06:27+05:00","caller":"dependencies.go:39","message":"-------------------------------------------"}
{"level":"info","time":"2024-03-14T10:06:27+05:00","caller":"dependencies.go:47","message":"Database connection successfully"}
{"level":"info","time":"2024-03-14T10:06:27+05:00","caller":"dependencies.go:50","message":"seeder starting..."}
{"level":"info","time":"2024-03-14T10:06:27+05:00","caller":"main.go:19","message":"Project run successfully"}
{"level":"info","time":"2024-03-14T10:09:35+05:00","caller":"dependencies.go:39","message":"-------------------------------------------"}
{"level":"info","time":"2024-03-14T10:09:35+05:00","caller":"dependencies.go:47","message":"Database connection successfully"}
{"level":"info","time":"2024-03-14T10:09:35+05:00","caller":"dependencies.go:50","message":"seeder starting..."}
{"level":"error","time":"2024-03-14T10:09:35+05:00","caller":"dependencies.go:53","message":"seeder error-------------"}
{"level":"error","time":"2024-03-14T10:09:35+05:00","caller":"dependencies.go:54","message":"failed to seed admins: invalid field"}
{"level":"info","time":"2024-03-14T10:13:19+05:00","caller":"dependencies.go:39","message":"-------------------------------------------"}
{"level":"info","time":"2024-03-14T10:13:19+05:00","caller":"dependencies.go:47","message":"Database connection successfully"}
{"level":"info","time":"2024-03-14T10:13:19+05:00","caller":"dependencies.go:50","message":"seeder starting..."}
{"level":"error","time":"2024-03-14T10:13:19+05:00","caller":"dependencies.go:53","message":"seeder error-------------"}
{"level":"error","time":"2024-03-14T10:13:19+05:00","caller":"dependencies.go:54","message":"failed to seed admins: invalid field"}
{"level":"info","time":"2024-03-14T10:17:41+05:00","caller":"dependencies.go:38","message":"-------------------------------------------"}
{"level":"info","time":"2024-03-14T10:17:41+05:00","caller":"dependencies.go:46","message":"Database connection successfully"}
{"level":"info","time":"2024-03-14T10:17:41+05:00","caller":"main.go:19","message":"Project run successfully"}
{"level":"info","time":"2024-03-14T10:20:11+05:00","caller":"dependencies.go:38","message":"-------------------------------------------"}
{"level":"info","time":"2024-03-14T10:20:11+05:00","caller":"dependencies.go:46","message":"Database connection successfully"}
{"level":"info","time":"2024-03-14T10:20:11+05:00","caller":"main.go:19","message":"Project run successfully"}
{"level":"info","time":"2024-03-14T10:22:17+05:00","caller":"dependencies.go:38","message":"-------------------------------------------"}
{"level":"info","time":"2024-03-14T10:22:17+05:00","caller":"dependencies.go:46","message":"Database connection successfully"}
{"level":"info","time":"2024-03-14T10:22:17+05:00","caller":"main.go:19","message":"Project run successfully"}
{"level":"info","time":"2024-03-14T10:27:15+05:00","caller":"dependencies.go:38","message":"-------------------------------------------"}
{"level":"info","time":"2024-03-14T10:27:15+05:00","caller":"dependencies.go:46","message":"Database connection successfully"}
{"level":"info","time":"2024-03-14T10:27:15+05:00","caller":"main.go:19","message":"Project run successfully"}
{"level":"info","time":"2024-03-14T10:27:33+05:00","caller":"dependencies.go:38","message":"-------------------------------------------"}
{"level":"info","time":"2024-03-14T10:27:33+05:00","caller":"dependencies.go:46","message":"Database connection successfully"}
{"level":"info","time":"2024-03-14T10:27:33+05:00","caller":"main.go:19","message":"Project run successfully"}
{"level":"info","time":"2024-03-14T10:30:26+05:00","caller":"dependencies.go:38","message":"-------------------------------------------"}
{"level":"info","time":"2024-03-14T10:30:26+05:00","caller":"dependencies.go:46","message":"Database connection successfully"}
{"level":"info","time":"2024-03-14T10:30:26+05:00","caller":"main.go:19","message":"Project run successfully"}
{"level":"info","time":"2024-03-14T10:35:46+05:00","caller":"dependencies.go:38","message":"-------------------------------------------"}
{"level":"info","time":"2024-03-14T10:35:46+05:00","caller":"dependencies.go:46","message":"Database connection successfully"}
{"level":"info","time":"2024-03-14T10:35:46+05:00","caller":"main.go:19","message":"Project run successfully"}
{"level":"info","time":"2024-03-14T10:40:31+05:00","caller":"dependencies.go:38","message":"-------------------------------------------"}
{"level":"info","time":"2024-03-14T10:40:31+05:00","caller":"dependencies.go:46","message":"Database connection successfully"}
{"level":"info","time":"2024-03-14T10:40:31+05:00","caller":"main.go:19","message":"Project run successfully"}
{"level":"info","time":"2024-03-14T10:41:10+05:00","caller":"dependencies.go:38","message":"-------------------------------------------"}
{"level":"info","time":"2024-03-14T10:41:10+05:00","caller":"dependencies.go:46","message":"Database connection successfully"}
{"level":"info","time":"2024-03-14T10:41:10+05:00","caller":"main.go:19","message":"Project run successfully"}
{"level":"info","time":"2024-03-14T10:42:10+05:00","caller":"dependencies.go:38","message":"-------------------------------------------"}
{"level":"info","time":"2024-03-14T10:42:10+05:00","caller":"dependencies.go:46","message":"Database connection successfully"}
{"level":"info","time":"2024-03-14T10:42:10+05:00","caller":"main.go:19","message":"Project run successfully"}
{"level":"info","time":"2024-03-14T10:42:42+05:00","caller":"dependencies.go:38","message":"-------------------------------------------"}
{"level":"info","time":"2024-03-14T10:42:42+05:00","caller":"dependencies.go:46","message":"Database connection successfully"}
{"level":"info","time":"2024-03-14T10:42:42+05:00","caller":"main.go:19","message":"Project run successfully"}
{"level":"info","time":"2024-03-14T10:43:55+05:00","caller":"dependencies.go:38","message":"-------------------------------------------"}
{"level":"info","time":"2024-03-14T10:43:55+05:00","caller":"dependencies.go:46","message":"Database connection successfully"}
{"level":"info","time":"2024-03-14T10:43:55+05:00","caller":"main.go:19","message":"Project run successfully"}
{"level":"info","time":"2024-03-14T10:45:49+05:00","caller":"dependencies.go:38","message":"-------------------------------------------"}
{"level":"info","time":"2024-03-14T10:45:49+05:00","caller":"dependencies.go:46","message":"Database connection successfully"}
{"level":"info","time":"2024-03-14T10:45:49+05:00","caller":"main.go:19","message":"Project run successfully"}
{"level":"info","time":"2024-03-14T11:39:33+05:00","caller":"dependencies.go:38","message":"-------------------------------------------"}
{"level":"info","time":"2024-03-14T11:39:33+05:00","caller":"dependencies.go:46","message":"Database connection successfully"}
{"level":"info","time":"2024-03-14T11:39:33+05:00","caller":"main.go:19","message":"Project run successfully"}
{"level":"info","time":"2024-03-14T11:40:54+05:00","caller":"dependencies.go:38","message":"-------------------------------------------"}
{"level":"info","time":"2024-03-14T11:40:54+05:00","caller":"dependencies.go:46","message":"Database connection successfully"}
{"level":"info","time":"2024-03-14T11:40:54+05:00","caller":"main.go:19","message":"Project run successfully"}
{"level":"info","time":"2024-03-14T11:41:21+05:00","caller":"dependencies.go:38","message":"-------------------------------------------"}
{"level":"info","time":"2024-03-14T11:41:21+05:00","caller":"dependencies.go:46","message":"Database connection successfully"}
{"level":"info","time":"2024-03-14T11:41:21+05:00","caller":"main.go:19","message":"Project run successfully"}
{"level":"info","time":"2024-03-14T11:41:54+05:00","caller":"dependencies.go:38","message":"-------------------------------------------"}
{"level":"info","time":"2024-03-14T11:41:54+05:00","caller":"dependencies.go:46","message":"Database connection successfully"}
{"level":"info","time":"2024-03-14T11:41:54+05:00","caller":"main.go:19","message":"Project run successfully"}
{"level":"info","time":"2024-03-14T11:50:49+05:00","caller":"dependencies.go:38","message":"-------------------------------------------"}
{"level":"info","time":"2024-03-14T11:50:49+05:00","caller":"dependencies.go:46","message":"Database connection successfully"}
{"level":"info","time":"2024-03-14T11:50:49+05:00","caller":"main.go:19","message":"Project run successfully"}
{"level":"info","time":"2024-03-14T11:51:17+05:00","caller":"dependencies.go:38","message":"-------------------------------------------"}
{"level":"info","time":"2024-03-14T11:51:17+05:00","caller":"dependencies.go:46","message":"Database connection successfully"}
{"level":"info","time":"2024-03-14T11:51:17+05:00","caller":"main.go:19","message":"Project run successfully"}
{"level":"info","time":"2024-03-14T11:52:26+05:00","caller":"dependencies.go:38","message":"-------------------------------------------"}
{"level":"info","time":"2024-03-14T11:52:26+05:00","caller":"dependencies.go:46","message":"Database connection successfully"}
{"level":"info","time":"2024-03-14T11:52:26+05:00","caller":"main.go:19","message":"Project run successfully"}
{"level":"info","time":"2024-03-14T11:54:58+05:00","caller":"dependencies.go:38","message":"-------------------------------------------"}
{"level":"info","time":"2024-03-14T11:54:58+05:00","caller":"dependencies.go:46","message":"Database connection successfully"}
{"level":"info","time":"2024-03-14T11:54:58+05:00","caller":"main.go:19","message":"Project run successfully"}
{"level":"info","time":"2024-03-14T11:57:22+05:00","caller":"dependencies.go:38","message":"-------------------------------------------"}
{"level":"info","time":"2024-03-14T11:57:22+05:00","caller":"dependencies.go:46","message":"Database connection successfully"}
{"level":"info","time":"2024-03-14T11:57:22+05:00","caller":"main.go:19","message":"Project run successfully"}
{"level":"info","time":"2024-03-14T12:00:24+05:00","caller":"dependencies.go:38","message":"-------------------------------------------"}
{"level":"info","time":"2024-03-14T12:00:24+05:00","caller":"dependencies.go:46","message":"Database connection successfully"}
{"level":"info","time":"2024-03-14T12:00:24+05:00","caller":"main.go:19","message":"Project run successfully"}
