{"level":"info","time":"2024-03-04T08:40:38+05:00","caller":"dependencies.go:38","message":"-------------------------------------------"}
{"level":"info","time":"2024-03-04T08:40:38+05:00","caller":"dependencies.go:46","message":"Database connection successfully"}
{"level":"info","time":"2024-03-04T08:40:38+05:00","caller":"main.go:19","message":"Project run successfully"}
{"level":"info","time":"2024-03-04T13:48:15+05:00","caller":"dependencies.go:38","message":"-------------------------------------------"}
{"level":"info","time":"2024-03-04T13:48:15+05:00","caller":"dependencies.go:46","message":"Database connection successfully"}
{"level":"info","time":"2024-03-04T13:48:15+05:00","caller":"main.go:19","message":"Project run successfully"}
{"level":"info","time":"2024-03-04T13:49:50+05:00","caller":"dependencies.go:38","message":"-------------------------------------------"}
{"level":"info","time":"2024-03-04T13:49:51+05:00","caller":"dependencies.go:46","message":"Database connection successfully"}
{"level":"info","time":"2024-03-04T13:49:51+05:00","caller":"main.go:19","message":"Project run successfully"}
{"level":"info","time":"2024-03-04T13:54:20+05:00","caller":"dependencies.go:38","message":"-------------------------------------------"}
{"level":"info","time":"2024-03-04T13:54:20+05:00","caller":"dependencies.go:46","message":"Database connection successfully"}
{"level":"info","time":"2024-03-04T13:54:20+05:00","caller":"main.go:19","message":"Project run successfully"}
{"level":"info","time":"2024-03-04T13:57:43+05:00","caller":"dependencies.go:38","message":"-------------------------------------------"}
{"level":"info","time":"2024-03-04T13:57:43+05:00","caller":"dependencies.go:46","message":"Database connection successfully"}
{"level":"info","time":"2024-03-04T13:57:43+05:00","caller":"main.go:19","message":"Project run successfully"}
{"level":"info","time":"2024-03-04T14:00:39+05:00","caller":"dependencies.go:38","message":"-------------------------------------------"}
{"level":"info","time":"2024-03-04T14:00:39+05:00","caller":"dependencies.go:46","message":"Database connection successfully"}
{"level":"info","time":"2024-03-04T14:00:39+05:00","caller":"main.go:19","message":"Project run successfully"}
{"level":"info","time":"2024-03-04T14:00:53+05:00","caller":"dependencies.go:38","message":"-------------------------------------------"}
{"level":"info","time":"2024-03-04T14:00:53+05:00","caller":"dependencies.go:46","message":"Database connection successfully"}
{"level":"info","time":"2024-03-04T14:00:53+05:00","caller":"main.go:19","message":"Project run successfully"}
{"level":"info","time":"2024-03-04T14:00:53+05:00","caller":"main.go:21","message":"Project run server error"}
{"level":"info","time":"2024-03-04T14:00:53+05:00","caller":"main.go:22","message":"failed to listen: listen tcp4 127.0.0.1:3000: bind: address already in use"}
{"level":"info","time":"2024-03-04T14:00:58+05:00","caller":"dependencies.go:38","message":"-------------------------------------------"}
{"level":"info","time":"2024-03-04T14:00:58+05:00","caller":"dependencies.go:46","message":"Database connection successfully"}
{"level":"info","time":"2024-03-04T14:00:58+05:00","caller":"main.go:19","message":"Project run successfully"}
{"level":"info","time":"2024-03-04T14:00:58+05:00","caller":"main.go:21","message":"Project run server error"}
{"level":"info","time":"2024-03-04T14:00:58+05:00","caller":"main.go:22","message":"failed to listen: listen tcp4 127.0.0.1:3000: bind: address already in use"}
{"level":"info","time":"2024-03-04T14:01:04+05:00","caller":"dependencies.go:38","message":"-------------------------------------------"}
{"level":"info","time":"2024-03-04T14:01:04+05:00","caller":"dependencies.go:46","message":"Database connection successfully"}
{"level":"info","time":"2024-03-04T14:01:04+05:00","caller":"main.go:19","message":"Project run successfully"}
{"level":"info","time":"2024-03-04T14:01:04+05:00","caller":"main.go:21","message":"Project run server error"}
{"level":"info","time":"2024-03-04T14:01:04+05:00","caller":"main.go:22","message":"failed to listen: listen tcp4 127.0.0.1:3000: bind: address already in use"}
{"level":"info","time":"2024-03-04T14:01:09+05:00","caller":"dependencies.go:38","message":"-------------------------------------------"}
{"level":"info","time":"2024-03-04T14:01:09+05:00","caller":"dependencies.go:46","message":"Database connection successfully"}
{"level":"info","time":"2024-03-04T14:01:09+05:00","caller":"main.go:19","message":"Project run successfully"}
{"level":"info","time":"2024-03-04T14:01:09+05:00","caller":"main.go:21","message":"Project run server error"}
{"level":"info","time":"2024-03-04T14:01:09+05:00","caller":"main.go:22","message":"failed to listen: listen tcp4 127.0.0.1:3000: bind: address already in use"}
{"level":"info","time":"2024-03-04T14:01:20+05:00","caller":"dependencies.go:38","message":"-------------------------------------------"}
{"level":"info","time":"2024-03-04T14:01:20+05:00","caller":"dependencies.go:46","message":"Database connection successfully"}
{"level":"info","time":"2024-03-04T14:01:20+05:00","caller":"main.go:19","message":"Project run successfully"}
{"level":"info","time":"2024-03-04T14:01:20+05:00","caller":"main.go:21","message":"Project run server error"}
{"level":"info","time":"2024-03-04T14:01:20+05:00","caller":"main.go:22","message":"failed to listen: listen tcp4 127.0.0.1:3000: bind: address already in use"}
{"level":"info","time":"2024-03-04T14:01:48+05:00","caller":"dependencies.go:38","message":"-------------------------------------------"}
{"level":"info","time":"2024-03-04T14:01:48+05:00","caller":"dependencies.go:46","message":"Database connection successfully"}
{"level":"info","time":"2024-03-04T14:01:48+05:00","caller":"main.go:19","message":"Project run successfully"}
{"level":"info","time":"2024-03-04T14:06:47+05:00","caller":"dependencies.go:38","message":"-------------------------------------------"}
{"level":"info","time":"2024-03-04T14:06:47+05:00","caller":"dependencies.go:46","message":"Database connection successfully"}
{"level":"info","time":"2024-03-04T14:06:47+05:00","caller":"main.go:19","message":"Project run successfully"}
{"level":"info","time":"2024-03-04T14:07:18+05:00","caller":"dependencies.go:38","message":"-------------------------------------------"}
{"level":"info","time":"2024-03-04T14:07:18+05:00","caller":"dependencies.go:46","message":"Database connection successfully"}
{"level":"info","time":"2024-03-04T14:07:18+05:00","caller":"main.go:19","message":"Project run successfully"}
{"level":"info","time":"2024-03-04T14:17:50+05:00","caller":"dependencies.go:38","message":"-------------------------------------------"}
{"level":"info","time":"2024-03-04T14:17:50+05:00","caller":"dependencies.go:46","message":"Database connection successfully"}
{"level":"info","time":"2024-03-04T14:17:50+05:00","caller":"main.go:19","message":"Project run successfully"}
{"level":"info","time":"2024-03-04T14:30:41+05:00","caller":"dependencies.go:38","message":"-------------------------------------------"}
{"level":"info","time":"2024-03-04T14:30:41+05:00","caller":"dependencies.go:46","message":"Database connection successfully"}
{"level":"info","time":"2024-03-04T14:30:41+05:00","caller":"main.go:19","message":"Project run successfully"}
{"level":"info","time":"2024-03-04T14:56:22+05:00","caller":"dependencies.go:38","message":"-------------------------------------------"}
{"level":"info","time":"2024-03-04T14:56:22+05:00","caller":"dependencies.go:46","message":"Database connection successfully"}
{"level":"info","time":"2024-03-04T14:56:22+05:00","caller":"main.go:19","message":"Project run successfully"}
{"level":"info","time":"2024-03-04T15:02:24+05:00","caller":"dependencies.go:38","message":"-------------------------------------------"}
{"level":"info","time":"2024-03-04T15:02:24+05:00","caller":"dependencies.go:46","message":"Database connection successfully"}
{"level":"info","time":"2024-03-04T15:02:24+05:00","caller":"main.go:19","message":"Project run successfully"}
{"level":"info","time":"2024-03-04T15:04:30+05:00","caller":"dependencies.go:38","message":"-------------------------------------------"}
{"level":"info","time":"2024-03-04T15:04:30+05:00","caller":"dependencies.go:46","message":"Database connection successfully"}
{"level":"info","time":"2024-03-04T15:04:30+05:00","caller":"main.go:19","message":"Project run successfully"}
{"level":"info","time":"2024-03-04T15:15:27+05:00","caller":"dependencies.go:38","message":"-------------------------------------------"}
{"level":"info","time":"2024-03-04T15:15:27+05:00","caller":"dependencies.go:46","message":"Database connection successfully"}
{"level":"info","time":"2024-03-04T15:15:27+05:00","caller":"main.go:19","message":"Project run successfully"}
{"level":"info","time":"2024-03-04T15:17:47+05:00","caller":"dependencies.go:38","message":"-------------------------------------------"}
{"level":"info","time":"2024-03-04T15:17:47+05:00","caller":"dependencies.go:46","message":"Database connection successfully"}
{"level":"info","time":"2024-03-04T15:17:47+05:00","caller":"main.go:19","message":"Project run successfully"}
{"level":"info","time":"2024-03-04T15:18:13+05:00","caller":"dependencies.go:38","message":"-------------------------------------------"}
{"level":"info","time":"2024-03-04T15:18:13+05:00","caller":"dependencies.go:46","message":"Database connection successfully"}
{"level":"info","time":"2024-03-04T15:18:13+05:00","caller":"main.go:19","message":"Project run successfully"}
